<?xml version="1.0" encoding="UTF-8"?>
<!-- Generated by org.testng.reporters.JUnitXMLReporter -->
<testsuite hostname="LAPTOP-LERISS7F" ignored="0" name="Test" tests="4" failures="0" timestamp="2022-01-24T09:37:27 IST" time="40.438" errors="0">
  <testcase name="aspireLogin" time="4.135" classname="com.aspire.testcases.TC01_Login"/>
  <testcase name="ProductCreated" time="15.726" classname="com.aspire.testcases.TC02_InventoryProduct"/>
  <testcase name="manufacturingOrderCreated" time="17.172" classname="com.aspire.testcases.TC03_Manufacturing"/>
  <testcase name="ProductCreate" time="3.329" classname="com.aspire.testcases.TC04_Logout"/>
</testsuite> <!-- Test -->
