<?xml version="1.0" encoding="UTF-8"?>
<!-- Generated by org.testng.reporters.JUnitXMLReporter -->
<testsuite hostname="LAPTOP-LERISS7F" ignored="0" name="Test" tests="4" failures="0" timestamp="2022-01-24T17:22:23 IST" time="44.413" errors="0">
  <testcase name="aspireLogin" time="8.473" classname="com.aspire.testcases.TC01_Login"/>
  <testcase name="ProductCreated" time="14.612" classname="com.aspire.testcases.TC02_InventoryProduct"/>
  <testcase name="manufacturingOrderCreated" time="17.774" classname="com.aspire.testcases.TC03_Manufacturing"/>
  <testcase name="ProductCreate" time="3.504" classname="com.aspire.testcases.TC04_Logout"/>
</testsuite> <!-- Test -->
