<?xml version="1.0" encoding="UTF-8"?>
<!-- Generated by org.testng.reporters.JUnitXMLReporter -->
<testsuite hostname="LAPTOP-LERISS7F" ignored="0" name="Test" tests="4" failures="0" timestamp="2022-01-24T10:07:24 IST" time="40.546" errors="0">
  <testcase name="aspireLogin" time="4.412" classname="com.aspire.testcases.TC01_Login"/>
  <testcase name="ProductCreated" time="15.311" classname="com.aspire.testcases.TC02_InventoryProduct"/>
  <testcase name="manufacturingOrderCreated" time="17.579" classname="com.aspire.testcases.TC03_Manufacturing"/>
  <testcase name="ProductCreate" time="3.172" classname="com.aspire.testcases.TC04_Logout"/>
</testsuite> <!-- Test -->
