<?xml version="1.0" encoding="UTF-8"?>
<!-- Generated by org.testng.reporters.JUnitXMLReporter -->
<testsuite hostname="LAPTOP-LERISS7F" ignored="0" name="Test" tests="4" failures="0" timestamp="2022-01-24T17:34:05 IST" time="42.743" errors="0">
  <testcase name="aspireLogin" time="6.125" classname="com.aspire.testcases.TC01_Login"/>
  <testcase name="ProductCreated" time="14.814" classname="com.aspire.testcases.TC02_InventoryProduct"/>
  <testcase name="manufacturingOrderCreated" time="18.944" classname="com.aspire.testcases.TC03_Manufacturing"/>
  <testcase name="Logout" time="2.812" classname="com.aspire.testcases.TC04_Logout"/>
</testsuite> <!-- Test -->
