<?xml version="1.0" encoding="UTF-8"?>
<testsuite xmlns:xsi="http://www.w3.org/2001/XMLSchema-instance" xsi:noNamespaceSchemaLocation="https://maven.apache.org/surefire/maven-surefire-plugin/xsd/surefire-test-report-3.0.xsd" version="3.0" name="TestSuite" time="49.46" tests="4" errors="0" skipped="0" failures="0">
  <properties>
[...]
</properties>
  <testcase name="aspireLogin" classname="com.aspire.testcases.TC01_Login" time="5.071">
    <system-out><![CDATA[prop file loaded successfully
prop file loaded successfully
prop file loaded successfully
Successfully clicked on: Email iD
Successfully cleared text from: Email iD
Enter text: user@aspireapp.comin textbox.
Email id entered successfully
Successfully clicked on: Email iD
Successfully cleared text from: Email iD
Enter text: @sp1r3appin textbox.
Password entered successfully
Successfully clicked on: Login button
Inventroylinkis visible
Screenshot taken
Login successfully
Screenshot taken
]]></system-out>
    <system-err><![CDATA[SLF4J: Failed to load class "org.slf4j.impl.StaticLoggerBinder".
SLF4J: Defaulting to no-operation (NOP) logger implementation
SLF4J: See http://www.slf4j.org/codes.html#StaticLoggerBinder for further details.
Starting ChromeDriver 97.0.4692.71 (adefa7837d02a07a604c1e6eff0b3a09422ab88d-refs/branch-heads/4692@{#1247}) on port 58021
Only local connections are allowed.
Please see https://chromedriver.chromium.org/security-considerations for suggestions on keeping ChromeDriver safe.
ChromeDriver was started successfully.
Jan 23, 2022 11:46:46 PM org.openqa.selenium.remote.ProtocolHandshake createSession
INFO: Detected dialect: W3C
Jan 23, 2022 11:46:46 PM org.openqa.selenium.devtools.CdpVersionFinder findNearestMatch
WARNING: Unable to find an exact match for CDP version 97, so returning the closest version found: 96
Jan 23, 2022 11:46:46 PM org.openqa.selenium.devtools.CdpVersionFinder findNearestMatch
INFO: Found CDP implementation for version 97 of 96
]]></system-err>
  </testcase>
  <testcase name="ProductCreated" classname="com.aspire.testcases.TC02_InventoryProduct" time="14.53">
    <system-out><![CDATA[Successfully clicked on: Inventory Link
Successfully clicked on: Menu
Successfully clicked on: Menu option
Successfully clicked on: Create Product Button
Successfully clicked on: Product Name
Successfully cleared text from: Product Name
Enter text: Test_ProductName2022-01-23-23-46-58in textbox.
Successfully clicked on: Product Price
Successfully cleared text from: Product Price
Enter text: 20in textbox.
Successfully clicked on: Product Cost
Successfully cleared text from: Product Cost
Enter text: 10in textbox.
Successfully clicked on: Unit of Masure
Successfully cleared text from: Unit of Masure
Enter text: Daysin textbox.
Successfully clicked on: Inventory Tab
Unable to click on: Route Checkbox
Successfully clicked on: Weight
Successfully cleared text from: Weight
Enter text: 100in textbox.
Successfully clicked on: Volume
Successfully cleared text from: Volume
Enter text: 100in textbox.
Successfully clicked on: ManuleadTime
Successfully cleared text from: ManuleadTime
Enter text: 50in textbox.
Successfully clicked on: CustleadTime
Successfully cleared text from: CustleadTime
Enter text: 60in textbox.
Successfully clicked on: Create Package
Successfully clicked on: Package Name
Successfully cleared text from: Package Name
Enter text: PackageData2022-01-23-23-47-07in textbox.
Successfully clicked on: Product Qty
Successfully cleared text from: Product Qty
Enter text: 15in textbox.
Successfully clicked on: Product Barcode
Successfully cleared text from: Product Barcode
Enter text: ProductBarcodein textbox.
Successfully clicked on: Save and close Package Detail
Successfully clicked on: Save Product
checkstatusis visible
Screenshot taken
Inventory TestCase Pass
Screenshot taken
]]></system-out>
  </testcase>
  <testcase name="manufacturingOrderCreated" classname="com.aspire.testcases.TC03_Manufacturing" time="17.719">
    <system-out><![CDATA[Successfully clicked on: navigate Dashboard
Successfully clicked on: navigate Dashboard
Successfully clicked on: navigate Dashboard
Successfully clicked on: Product Name
Successfully cleared text from: Product Name
Enter text: Test_ProductName2022-01-23-23-46-58in textbox.
Successfully clicked on: Selected Product
Successfully clicked on: Product Qty
Successfully cleared text from: Product Qty
Enter text: 15.00in textbox.
Successfully clicked on: Add product in line
Successfully clicked on: Product in line
Successfully cleared text from: Product in line
Enter text: Test_ProductName2022-01-23-23-46-58in textbox.
Successfully clicked on: Selected Product
Unable to click on: Create button
Successfully clicked on: Consume
Successfully cleared text from: Consume
Enter text: 11in textbox.
Successfully clicked on: Save button
Successfully clicked on: Confirm button
Successfully clicked on: Done button
Successfully clicked on: Apply button
checkstatus1is visible
checkstatus2is visible
Screenshot taken
Manufactring TestCase Pass
Screenshot taken
]]></system-out>
  </testcase>
  <testcase name="ProductCreate" classname="com.aspire.testcases.TC04_Logout" time="3.437">
    <system-out><![CDATA[Successfully clicked on: Menu of logout
Successfully clicked on: Logout link click
Screenshot taken
Logout Testcase Pass
Screenshot taken
]]></system-out>
  </testcase>
</testsuite>