<?xml version="1.0" encoding="UTF-8"?>
<testng-results skipped="0" failed="0" ignored="0" total="4" passed="4">
  <reporter-output>
  </reporter-output>
  <suite name="Suite" duration-ms="44413" started-at="2022-01-24T17:21:39 IST" finished-at="2022-01-24T17:22:23 IST">
    <groups>
      <group name="Pre-Condtion">
        <method signature="TC01_Login.aspireLogin()[pri:0, instance:com.aspire.testcases.TC01_Login@aecb35a]" name="aspireLogin" class="com.aspire.testcases.TC01_Login"/>
      </group> <!-- Pre-Condtion -->
      <group name="ProductCreation">
        <method signature="TC02_InventoryProduct.ProductCreated()[pri:1, instance:com.aspire.testcases.TC02_InventoryProduct@5427c60c]" name="ProductCreated" class="com.aspire.testcases.TC02_InventoryProduct"/>
      </group> <!-- ProductCreation -->
    </groups>
    <test name="Test" duration-ms="44413" started-at="2022-01-24T17:21:39 IST" finished-at="2022-01-24T17:22:23 IST">
      <class name="com.aspire.testcases.TC01_Login">
        <test-method status="PASS" signature="setUp()[pri:0, instance:com.aspire.testcases.TC01_Login@aecb35a]" name="setUp" is-config="true" duration-ms="8482" started-at="2022-01-24T17:21:30 IST" finished-at="2022-01-24T17:21:39 IST">
          <reporter-output>
          </reporter-output>
        </test-method> <!-- setUp -->
        <test-method status="PASS" signature="aspireLogin()[pri:0, instance:com.aspire.testcases.TC01_Login@aecb35a]" name="aspireLogin" duration-ms="8473" started-at="2022-01-24T17:21:39 IST" finished-at="2022-01-24T17:21:47 IST">
          <reporter-output>
          </reporter-output>
        </test-method> <!-- aspireLogin -->
      </class> <!-- com.aspire.testcases.TC01_Login -->
      <class name="com.aspire.testcases.TC04_Logout">
        <test-method status="PASS" signature="ProductCreate()[pri:3, instance:com.aspire.testcases.TC04_Logout@543e710e]" name="ProductCreate" duration-ms="3504" depends-on-groups="Pre-Condtion" started-at="2022-01-24T17:22:19 IST" finished-at="2022-01-24T17:22:23 IST">
          <reporter-output>
          </reporter-output>
        </test-method> <!-- ProductCreate -->
      </class> <!-- com.aspire.testcases.TC04_Logout -->
      <class name="com.aspire.testcases.TC02_InventoryProduct">
        <test-method status="PASS" signature="ProductCreated()[pri:1, instance:com.aspire.testcases.TC02_InventoryProduct@5427c60c]" name="ProductCreated" duration-ms="14612" depends-on-groups="Pre-Condtion" started-at="2022-01-24T17:21:47 IST" finished-at="2022-01-24T17:22:02 IST">
          <reporter-output>
          </reporter-output>
        </test-method> <!-- ProductCreated -->
      </class> <!-- com.aspire.testcases.TC02_InventoryProduct -->
      <class name="com.aspire.testcases.TC03_Manufacturing">
        <test-method status="PASS" signature="manufacturingOrderCreated()[pri:2, instance:com.aspire.testcases.TC03_Manufacturing@15bfd87]" name="manufacturingOrderCreated" duration-ms="17774" depends-on-groups="ProductCreation" started-at="2022-01-24T17:22:02 IST" finished-at="2022-01-24T17:22:19 IST">
          <reporter-output>
          </reporter-output>
        </test-method> <!-- manufacturingOrderCreated -->
      </class> <!-- com.aspire.testcases.TC03_Manufacturing -->
    </test> <!-- Test -->
  </suite> <!-- Suite -->
</testng-results>
